[debug] not up to date. inChanged = true, force = false
[debug] Updating ProjectRef(uri("file:/Users/rualouw/Dev/git/otus-edication/1_json_parser/"), "root")...
[error] lmcoursier.internal.shaded.coursier.error.FetchError$DownloadingArtifacts: Error fetching artifacts:
[error] https://repo1.maven.org/maven2/org/scalatest/scalatest-diagrams_2.13/3.2.2/scalatest-diagrams_2.13-3.2.2-sources.jar: download error: Caught javax.net.ssl.SSLHandshakeException: PKIX path building failed: sun.security.provider.certpath.SunCertPathBuilderException: unable to find valid certification path to requested target (PKIX path building failed: sun.security.provider.certpath.SunCertPathBuilderException: unable to find valid certification path to requested target) while downloading https://repo1.maven.org/maven2/org/scalatest/scalatest-diagrams_2.13/3.2.2/scalatest-diagrams_2.13-3.2.2-sources.jar
[error] https://repo1.maven.org/maven2/org/scala-lang/scala-compiler/2.13.4/scala-compiler-2.13.4-javadoc.jar: download error: Caught javax.net.ssl.SSLHandshakeException: PKIX path building failed: sun.security.provider.certpath.SunCertPathBuilderException: unable to find valid certification path to requested target (PKIX path building failed: sun.security.provider.certpath.SunCertPathBuilderException: unable to find valid certification path to requested target) while downloading https://repo1.maven.org/maven2/org/scala-lang/scala-compiler/2.13.4/scala-compiler-2.13.4-javadoc.jar
[error] https://repo1.maven.org/maven2/org/scalatest/scalatest-funsuite_2.13/3.2.2/scalatest-funsuite_2.13-3.2.2-sources.jar: download error: Caught javax.net.ssl.SSLHandshakeException: PKIX path building failed: sun.security.provider.certpath.SunCertPathBuilderException: unable to find valid certification path to requested target (PKIX path building failed: sun.security.provider.certpath.SunCertPathBuilderException: unable to find valid certification path to requested target) while downloading https://repo1.maven.org/maven2/org/scalatest/scalatest-funsuite_2.13/3.2.2/scalatest-funsuite_2.13-3.2.2-sources.jar
[error] https://repo1.maven.org/maven2/io/circe/circe-parser_2.13/0.12.2/circe-parser_2.13-0.12.2-javadoc.jar: download error: Caught javax.net.ssl.SSLHandshakeException: PKIX path building failed: sun.security.provider.certpath.SunCertPathBuilderException: unable to find valid certification path to requested target (PKIX path building failed: sun.security.provider.certpath.SunCertPathBuilderException: unable to find valid certification path to requested target) while downloading https://repo1.maven.org/maven2/io/circe/circe-parser_2.13/0.12.2/circe-parser_2.13-0.12.2-javadoc.jar
[error] https://repo1.maven.org/maven2/org/scalatest/scalatest-freespec_2.13/3.2.2/scalatest-freespec_2.13-3.2.2-javadoc.jar: download error: Caught javax.net.ssl.SSLHandshakeException: PKIX path building failed: sun.security.provider.certpath.SunCertPathBuilderException: unable to find valid certification path to requested target (PKIX path building failed: sun.security.provider.certpath.SunCertPathBuilderException: unable to find valid certification path to requested target) while downloading https://repo1.maven.org/maven2/org/scalatest/scalatest-freespec_2.13/3.2.2/scalatest-freespec_2.13-3.2.2-javadoc.jar
[error] https://repo1.maven.org/maven2/org/scalatest/scalatest-refspec_2.13/3.2.2/scalatest-refspec_2.13-3.2.2-javadoc.jar: download error: Caught javax.net.ssl.SSLHandshakeException: PKIX path building failed: sun.security.provider.certpath.SunCertPathBuilderException: unable to find valid certification path to requested target (PKIX path building failed: sun.security.provider.certpath.SunCertPathBuilderException: unable to find valid certification path to requested target) while downloading https://repo1.maven.org/maven2/org/scalatest/scalatest-refspec_2.13/3.2.2/scalatest-refspec_2.13-3.2.2-javadoc.jar
[error] https://repo1.maven.org/maven2/org/typelevel/cats-core_2.13/2.0.0/cats-core_2.13-2.0.0-sources.jar: download error: Caught javax.net.ssl.SSLHandshakeException: PKIX path building failed: sun.security.provider.certpath.SunCertPathBuilderException: unable to find valid certification path to requested target (PKIX path building failed: sun.security.provider.certpath.SunCertPathBuilderException: unable to find valid certification path to requested target) while downloading https://repo1.maven.org/maven2/org/typelevel/cats-core_2.13/2.0.0/cats-core_2.13-2.0.0-sources.jar
[error] https://repo1.maven.org/maven2/io/circe/circe-jawn_2.13/0.12.2/circe-jawn_2.13-0.12.2-javadoc.jar: download error: Caught javax.net.ssl.SSLHandshakeException: PKIX path building failed: sun.security.provider.certpath.SunCertPathBuilderException: unable to find valid certification path to requested target (PKIX path building failed: sun.security.provider.certpath.SunCertPathBuilderException: unable to find valid certification path to requested target) while downloading https://repo1.maven.org/maven2/io/circe/circe-jawn_2.13/0.12.2/circe-jawn_2.13-0.12.2-javadoc.jar
[error] https://repo1.maven.org/maven2/org/scalatest/scalatest-core_2.13/3.2.2/scalatest-core_2.13-3.2.2-javadoc.jar: download error: Caught javax.net.ssl.SSLHandshakeException: PKIX path building failed: sun.security.provider.certpath.SunCertPathBuilderException: unable to find valid certification path to requested target (PKIX path building failed: sun.security.provider.certpath.SunCertPathBuilderException: unable to find valid certification path to requested target) while downloading https://repo1.maven.org/maven2/org/scalatest/scalatest-core_2.13/3.2.2/scalatest-core_2.13-3.2.2-javadoc.jar
[error] https://repo1.maven.org/maven2/org/scalatest/scalatest-funspec_2.13/3.2.2/scalatest-funspec_2.13-3.2.2-javadoc.jar: download error: Caught javax.net.ssl.SSLHandshakeException: PKIX path building failed: sun.security.provider.certpath.SunCertPathBuilderException: unable to find valid certification path to requested target (PKIX path building failed: sun.security.provider.certpath.SunCertPathBuilderException: unable to find valid certification path to requested target) while downloading https://repo1.maven.org/maven2/org/scalatest/scalatest-funspec_2.13/3.2.2/scalatest-funspec_2.13-3.2.2-javadoc.jar
[error] https://repo1.maven.org/maven2/org/scalatest/scalatest-flatspec_2.13/3.2.2/scalatest-flatspec_2.13-3.2.2-sources.jar: download error: Caught javax.net.ssl.SSLHandshakeException: PKIX path building failed: sun.security.provider.certpath.SunCertPathBuilderException: unable to find valid certification path to requested target (PKIX path building failed: sun.security.provider.certpath.SunCertPathBuilderException: unable to find valid certification path to requested target) while downloading https://repo1.maven.org/maven2/org/scalatest/scalatest-flatspec_2.13/3.2.2/scalatest-flatspec_2.13-3.2.2-sources.jar
[error] https://repo1.maven.org/maven2/org/typelevel/cats-core_2.13/2.0.0/cats-core_2.13-2.0.0-javadoc.jar: download error: Caught javax.net.ssl.SSLHandshakeException: PKIX path building failed: sun.security.provider.certpath.SunCertPathBuilderException: unable to find valid certification path to requested target (PKIX path building failed: sun.security.provider.certpath.SunCertPathBuilderException: unable to find valid certification path to requested target) while downloading https://repo1.maven.org/maven2/org/typelevel/cats-core_2.13/2.0.0/cats-core_2.13-2.0.0-javadoc.jar
[error] https://repo1.maven.org/maven2/org/scala-lang/modules/scala-xml_2.13/1.2.0/scala-xml_2.13-1.2.0-javadoc.jar: download error: Caught javax.net.ssl.SSLHandshakeException: PKIX path building failed: sun.security.provider.certpath.SunCertPathBuilderException: unable to find valid certification path to requested target (PKIX path building failed: sun.security.provider.certpath.SunCertPathBuilderException: unable to find valid certification path to requested target) while downloading https://repo1.maven.org/maven2/org/scala-lang/modules/scala-xml_2.13/1.2.0/scala-xml_2.13-1.2.0-javadoc.jar
[error] https://repo1.maven.org/maven2/org/scala-lang/scala-reflect/2.13.4/scala-reflect-2.13.4-javadoc.jar: download error: Caught javax.net.ssl.SSLHandshakeException: PKIX path building failed: sun.security.provider.certpath.SunCertPathBuilderException: unable to find valid certification path to requested target (PKIX path building failed: sun.security.provider.certpath.SunCertPathBuilderException: unable to find valid certification path to requested target) while downloading https://repo1.maven.org/maven2/org/scala-lang/scala-reflect/2.13.4/scala-reflect-2.13.4-javadoc.jar
[error] https://repo1.maven.org/maven2/org/scalatest/scalatest_2.13/3.2.2/scalatest_2.13-3.2.2-sources.jar: download error: Caught javax.net.ssl.SSLHandshakeException: PKIX path building failed: sun.security.provider.certpath.SunCertPathBuilderException: unable to find valid certification path to requested target (PKIX path building failed: sun.security.provider.certpath.SunCertPathBuilderException: unable to find valid certification path to requested target) while downloading https://repo1.maven.org/maven2/org/scalatest/scalatest_2.13/3.2.2/scalatest_2.13-3.2.2-sources.jar
[error] https://repo1.maven.org/maven2/org/scalatest/scalatest-compatible/3.2.2/scalatest-compatible-3.2.2-sources.jar: download error: Caught javax.net.ssl.SSLHandshakeException: PKIX path building failed: sun.security.provider.certpath.SunCertPathBuilderException: unable to find valid certification path to requested target (PKIX path building failed: sun.security.provider.certpath.SunCertPathBuilderException: unable to find valid certification path to requested target) while downloading https://repo1.maven.org/maven2/org/scalatest/scalatest-compatible/3.2.2/scalatest-compatible-3.2.2-sources.jar
[error] https://repo1.maven.org/maven2/org/scalatest/scalatest-freespec_2.13/3.2.2/scalatest-freespec_2.13-3.2.2-sources.jar: download error: Caught javax.net.ssl.SSLHandshakeException: PKIX path building failed: sun.security.provider.certpath.SunCertPathBuilderException: unable to find valid certification path to requested target (PKIX path building failed: sun.security.provider.certpath.SunCertPathBuilderException: unable to find valid certification path to requested target) while downloading https://repo1.maven.org/maven2/org/scalatest/scalatest-freespec_2.13/3.2.2/scalatest-freespec_2.13-3.2.2-sources.jar
[error] https://repo1.maven.org/maven2/org/jline/jline/3.16.0/jline-3.16.0-javadoc.jar: download error: Caught javax.net.ssl.SSLHandshakeException: PKIX path building failed: sun.security.provider.certpath.SunCertPathBuilderException: unable to find valid certification path to requested target (PKIX path building failed: sun.security.provider.certpath.SunCertPathBuilderException: unable to find valid certification path to requested target) while downloading https://repo1.maven.org/maven2/org/jline/jline/3.16.0/jline-3.16.0-javadoc.jar
[error] https://repo1.maven.org/maven2/io/circe/circe-core_2.13/0.12.2/circe-core_2.13-0.12.2-javadoc.jar: download error: Caught javax.net.ssl.SSLHandshakeException: PKIX path building failed: sun.security.provider.certpath.SunCertPathBuilderException: unable to find valid certification path to requested target (PKIX path building failed: sun.security.provider.certpath.SunCertPathBuilderException: unable to find valid certification path to requested target) while downloading https://repo1.maven.org/maven2/io/circe/circe-core_2.13/0.12.2/circe-core_2.13-0.12.2-javadoc.jar
[error] https://repo1.maven.org/maven2/org/scala-lang/scala-reflect/2.13.4/scala-reflect-2.13.4-sources.jar: download error: Caught javax.net.ssl.SSLHandshakeException: PKIX path building failed: sun.security.provider.certpath.SunCertPathBuilderException: unable to find valid certification path to requested target (PKIX path building failed: sun.security.provider.certpath.SunCertPathBuilderException: unable to find valid certification path to requested target) while downloading https://repo1.maven.org/maven2/org/scala-lang/scala-reflect/2.13.4/scala-reflect-2.13.4-sources.jar
[error] https://repo1.maven.org/maven2/io/circe/circe-numbers_2.13/0.12.2/circe-numbers_2.13-0.12.2-sources.jar: download error: Caught javax.net.ssl.SSLHandshakeException: PKIX path building failed: sun.security.provider.certpath.SunCertPathBuilderException: unable to find valid certification path to requested target (PKIX path building failed: sun.security.provider.certpath.SunCertPathBuilderException: unable to find valid certification path to requested target) while downloading https://repo1.maven.org/maven2/io/circe/circe-numbers_2.13/0.12.2/circe-numbers_2.13-0.12.2-sources.jar
[error] https://repo1.maven.org/maven2/org/scalatest/scalatest-refspec_2.13/3.2.2/scalatest-refspec_2.13-3.2.2-sources.jar: download error: Caught javax.net.ssl.SSLHandshakeException: PKIX path building failed: sun.security.provider.certpath.SunCertPathBuilderException: unable to find valid certification path to requested target (PKIX path building failed: sun.security.provider.certpath.SunCertPathBuilderException: unable to find valid certification path to requested target) while downloading https://repo1.maven.org/maven2/org/scalatest/scalatest-refspec_2.13/3.2.2/scalatest-refspec_2.13-3.2.2-sources.jar
[error] https://repo1.maven.org/maven2/org/scala-lang/scala-library/2.13.4/scala-library-2.13.4-javadoc.jar: download error: Caught javax.net.ssl.SSLHandshakeException: PKIX path building failed: sun.security.provider.certpath.SunCertPathBuilderException: unable to find valid certification path to requested target (PKIX path building failed: sun.security.provider.certpath.SunCertPathBuilderException: unable to find valid certification path to requested target) while downloading https://repo1.maven.org/maven2/org/scala-lang/scala-library/2.13.4/scala-library-2.13.4-javadoc.jar
[error] https://repo1.maven.org/maven2/org/scalatest/scalatest-mustmatchers_2.13/3.2.2/scalatest-mustmatchers_2.13-3.2.2-javadoc.jar: download error: Caught javax.net.ssl.SSLHandshakeException: PKIX path building failed: sun.security.provider.certpath.SunCertPathBuilderException: unable to find valid certification path to requested target (PKIX path building failed: sun.security.provider.certpath.SunCertPathBuilderException: unable to find valid certification path to requested target) while downloading https://repo1.maven.org/maven2/org/scalatest/scalatest-mustmatchers_2.13/3.2.2/scalatest-mustmatchers_2.13-3.2.2-javadoc.jar
[error] https://repo1.maven.org/maven2/org/scalatest/scalatest-propspec_2.13/3.2.2/scalatest-propspec_2.13-3.2.2-javadoc.jar: download error: Caught javax.net.ssl.SSLHandshakeException: PKIX path building failed: sun.security.provider.certpath.SunCertPathBuilderException: unable to find valid certification path to requested target (PKIX path building failed: sun.security.provider.certpath.SunCertPathBuilderException: unable to find valid certification path to requested target) while downloading https://repo1.maven.org/maven2/org/scalatest/scalatest-propspec_2.13/3.2.2/scalatest-propspec_2.13-3.2.2-javadoc.jar
[error] https://repo1.maven.org/maven2/org/jline/jline/3.16.0/jline-3.16.0-sources.jar: download error: Caught javax.net.ssl.SSLHandshakeException: PKIX path building failed: sun.security.provider.certpath.SunCertPathBuilderException: unable to find valid certification path to requested target (PKIX path building failed: sun.security.provider.certpath.SunCertPathBuilderException: unable to find valid certification path to requested target) while downloading https://repo1.maven.org/maven2/org/jline/jline/3.16.0/jline-3.16.0-sources.jar
[error] https://repo1.maven.org/maven2/org/scalatest/scalatest-matchers-core_2.13/3.2.2/scalatest-matchers-core_2.13-3.2.2-sources.jar: download error: Caught javax.net.ssl.SSLHandshakeException: PKIX path building failed: sun.security.provider.certpath.SunCertPathBuilderException: unable to find valid certification path to requested target (PKIX path building failed: sun.security.provider.certpath.SunCertPathBuilderException: unable to find valid certification path to requested target) while downloading https://repo1.maven.org/maven2/org/scalatest/scalatest-matchers-core_2.13/3.2.2/scalatest-matchers-core_2.13-3.2.2-sources.jar
[error] https://repo1.maven.org/maven2/org/typelevel/cats-kernel_2.13/2.0.0/cats-kernel_2.13-2.0.0-sources.jar: download error: Caught javax.net.ssl.SSLHandshakeException: PKIX path building failed: sun.security.provider.certpath.SunCertPathBuilderException: unable to find valid certification path to requested target (PKIX path building failed: sun.security.provider.certpath.SunCertPathBuilderException: unable to find valid certification path to requested target) while downloading https://repo1.maven.org/maven2/org/typelevel/cats-kernel_2.13/2.0.0/cats-kernel_2.13-2.0.0-sources.jar
[error] https://repo1.maven.org/maven2/org/typelevel/jawn-parser_2.13/0.14.2/jawn-parser_2.13-0.14.2-javadoc.jar: download error: Caught javax.net.ssl.SSLHandshakeException: PKIX path building failed: sun.security.provider.certpath.SunCertPathBuilderException: unable to find valid certification path to requested target (PKIX path building failed: sun.security.provider.certpath.SunCertPathBuilderException: unable to find valid certification path to requested target) while downloading https://repo1.maven.org/maven2/org/typelevel/jawn-parser_2.13/0.14.2/jawn-parser_2.13-0.14.2-javadoc.jar
[error] https://repo1.maven.org/maven2/org/scalatest/scalatest-propspec_2.13/3.2.2/scalatest-propspec_2.13-3.2.2-sources.jar: download error: Caught javax.net.ssl.SSLHandshakeException: PKIX path building failed: sun.security.provider.certpath.SunCertPathBuilderException: unable to find valid certification path to requested target (PKIX path building failed: sun.security.provider.certpath.SunCertPathBuilderException: unable to find valid certification path to requested target) while downloading https://repo1.maven.org/maven2/org/scalatest/scalatest-propspec_2.13/3.2.2/scalatest-propspec_2.13-3.2.2-sources.jar
[error] https://repo1.maven.org/maven2/org/scalatest/scalatest-featurespec_2.13/3.2.2/scalatest-featurespec_2.13-3.2.2-javadoc.jar: download error: Caught javax.net.ssl.SSLHandshakeException: PKIX path building failed: sun.security.provider.certpath.SunCertPathBuilderException: unable to find valid certification path to requested target (PKIX path building failed: sun.security.provider.certpath.SunCertPathBuilderException: unable to find valid certification path to requested target) while downloading https://repo1.maven.org/maven2/org/scalatest/scalatest-featurespec_2.13/3.2.2/scalatest-featurespec_2.13-3.2.2-javadoc.jar
[error] https://repo1.maven.org/maven2/org/scala-lang/scala-library/2.13.4/scala-library-2.13.4-sources.jar: download error: Caught javax.net.ssl.SSLHandshakeException: PKIX path building failed: sun.security.provider.certpath.SunCertPathBuilderException: unable to find valid certification path to requested target (PKIX path building failed: sun.security.provider.certpath.SunCertPathBuilderException: unable to find valid certification path to requested target) while downloading https://repo1.maven.org/maven2/org/scala-lang/scala-library/2.13.4/scala-library-2.13.4-sources.jar
[error] https://repo1.maven.org/maven2/io/circe/circe-numbers_2.13/0.12.2/circe-numbers_2.13-0.12.2-javadoc.jar: download error: Caught javax.net.ssl.SSLHandshakeException: PKIX path building failed: sun.security.provider.certpath.SunCertPathBuilderException: unable to find valid certification path to requested target (PKIX path building failed: sun.security.provider.certpath.SunCertPathBuilderException: unable to find valid certification path to requested target) while downloading https://repo1.maven.org/maven2/io/circe/circe-numbers_2.13/0.12.2/circe-numbers_2.13-0.12.2-javadoc.jar
[error] https://repo1.maven.org/maven2/io/circe/circe-core_2.13/0.12.2/circe-core_2.13-0.12.2-sources.jar: download error: Caught javax.net.ssl.SSLHandshakeException: PKIX path building failed: sun.security.provider.certpath.SunCertPathBuilderException: unable to find valid certification path to requested target (PKIX path building failed: sun.security.provider.certpath.SunCertPathBuilderException: unable to find valid certification path to requested target) while downloading https://repo1.maven.org/maven2/io/circe/circe-core_2.13/0.12.2/circe-core_2.13-0.12.2-sources.jar
[error] https://repo1.maven.org/maven2/net/java/dev/jna/jna/5.3.1/jna-5.3.1-javadoc.jar: download error: Caught javax.net.ssl.SSLHandshakeException: PKIX path building failed: sun.security.provider.certpath.SunCertPathBuilderException: unable to find valid certification path to requested target (PKIX path building failed: sun.security.provider.certpath.SunCertPathBuilderException: unable to find valid certification path to requested target) while downloading https://repo1.maven.org/maven2/net/java/dev/jna/jna/5.3.1/jna-5.3.1-javadoc.jar
[error] https://repo1.maven.org/maven2/org/scalatest/scalatest-shouldmatchers_2.13/3.2.2/scalatest-shouldmatchers_2.13-3.2.2-sources.jar: download error: Caught javax.net.ssl.SSLHandshakeException: PKIX path building failed: sun.security.provider.certpath.SunCertPathBuilderException: unable to find valid certification path to requested target (PKIX path building failed: sun.security.provider.certpath.SunCertPathBuilderException: unable to find valid certification path to requested target) while downloading https://repo1.maven.org/maven2/org/scalatest/scalatest-shouldmatchers_2.13/3.2.2/scalatest-shouldmatchers_2.13-3.2.2-sources.jar
[error] https://repo1.maven.org/maven2/com/chuusai/shapeless_2.13/2.3.3/shapeless_2.13-2.3.3-javadoc.jar: download error: Caught javax.net.ssl.SSLHandshakeException: PKIX path building failed: sun.security.provider.certpath.SunCertPathBuilderException: unable to find valid certification path to requested target (PKIX path building failed: sun.security.provider.certpath.SunCertPathBuilderException: unable to find valid certification path to requested target) while downloading https://repo1.maven.org/maven2/com/chuusai/shapeless_2.13/2.3.3/shapeless_2.13-2.3.3-javadoc.jar
[error] https://repo1.maven.org/maven2/org/scalatest/scalatest-shouldmatchers_2.13/3.2.2/scalatest-shouldmatchers_2.13-3.2.2-javadoc.jar: download error: Caught javax.net.ssl.SSLHandshakeException: PKIX path building failed: sun.security.provider.certpath.SunCertPathBuilderException: unable to find valid certification path to requested target (PKIX path building failed: sun.security.provider.certpath.SunCertPathBuilderException: unable to find valid certification path to requested target) while downloading https://repo1.maven.org/maven2/org/scalatest/scalatest-shouldmatchers_2.13/3.2.2/scalatest-shouldmatchers_2.13-3.2.2-javadoc.jar
[error] https://repo1.maven.org/maven2/org/scalactic/scalactic_2.13/3.2.2/scalactic_2.13-3.2.2-javadoc.jar: download error: Caught javax.net.ssl.SSLHandshakeException: PKIX path building failed: sun.security.provider.certpath.SunCertPathBuilderException: unable to find valid certification path to requested target (PKIX path building failed: sun.security.provider.certpath.SunCertPathBuilderException: unable to find valid certification path to requested target) while downloading https://repo1.maven.org/maven2/org/scalactic/scalactic_2.13/3.2.2/scalactic_2.13-3.2.2-javadoc.jar
[error] https://repo1.maven.org/maven2/org/typelevel/jawn-parser_2.13/0.14.2/jawn-parser_2.13-0.14.2-sources.jar: download error: Caught javax.net.ssl.SSLHandshakeException: PKIX path building failed: sun.security.provider.certpath.SunCertPathBuilderException: unable to find valid certification path to requested target (PKIX path building failed: sun.security.provider.certpath.SunCertPathBuilderException: unable to find valid certification path to requested target) while downloading https://repo1.maven.org/maven2/org/typelevel/jawn-parser_2.13/0.14.2/jawn-parser_2.13-0.14.2-sources.jar
[error] https://repo1.maven.org/maven2/org/scala-lang/modules/scala-xml_2.13/1.2.0/scala-xml_2.13-1.2.0-sources.jar: download error: Caught javax.net.ssl.SSLHandshakeException: PKIX path building failed: sun.security.provider.certpath.SunCertPathBuilderException: unable to find valid certification path to requested target (PKIX path building failed: sun.security.provider.certpath.SunCertPathBuilderException: unable to find valid certification path to requested target) while downloading https://repo1.maven.org/maven2/org/scala-lang/modules/scala-xml_2.13/1.2.0/scala-xml_2.13-1.2.0-sources.jar
[error] https://repo1.maven.org/maven2/org/scalatest/scalatest-mustmatchers_2.13/3.2.2/scalatest-mustmatchers_2.13-3.2.2-sources.jar: download error: Caught javax.net.ssl.SSLHandshakeException: PKIX path building failed: sun.security.provider.certpath.SunCertPathBuilderException: unable to find valid certification path to requested target (PKIX path building failed: sun.security.provider.certpath.SunCertPathBuilderException: unable to find valid certification path to requested target) while downloading https://repo1.maven.org/maven2/org/scalatest/scalatest-mustmatchers_2.13/3.2.2/scalatest-mustmatchers_2.13-3.2.2-sources.jar
[error] https://repo1.maven.org/maven2/org/scalatest/scalatest-matchers-core_2.13/3.2.2/scalatest-matchers-core_2.13-3.2.2-javadoc.jar: download error: Caught javax.net.ssl.SSLHandshakeException: PKIX path building failed: sun.security.provider.certpath.SunCertPathBuilderException: unable to find valid certification path to requested target (PKIX path building failed: sun.security.provider.certpath.SunCertPathBuilderException: unable to find valid certification path to requested target) while downloading https://repo1.maven.org/maven2/org/scalatest/scalatest-matchers-core_2.13/3.2.2/scalatest-matchers-core_2.13-3.2.2-javadoc.jar
[error] https://repo1.maven.org/maven2/io/circe/circe-jawn_2.13/0.12.2/circe-jawn_2.13-0.12.2-sources.jar: download error: Caught javax.net.ssl.SSLHandshakeException: PKIX path building failed: sun.security.provider.certpath.SunCertPathBuilderException: unable to find valid certification path to requested target (PKIX path building failed: sun.security.provider.certpath.SunCertPathBuilderException: unable to find valid certification path to requested target) while downloading https://repo1.maven.org/maven2/io/circe/circe-jawn_2.13/0.12.2/circe-jawn_2.13-0.12.2-sources.jar
[error] https://repo1.maven.org/maven2/org/scalatest/scalatest-funspec_2.13/3.2.2/scalatest-funspec_2.13-3.2.2-sources.jar: download error: Caught javax.net.ssl.SSLHandshakeException: PKIX path building failed: sun.security.provider.certpath.SunCertPathBuilderException: unable to find valid certification path to requested target (PKIX path building failed: sun.security.provider.certpath.SunCertPathBuilderException: unable to find valid certification path to requested target) while downloading https://repo1.maven.org/maven2/org/scalatest/scalatest-funspec_2.13/3.2.2/scalatest-funspec_2.13-3.2.2-sources.jar
[error] https://repo1.maven.org/maven2/org/scalatest/scalatest-wordspec_2.13/3.2.2/scalatest-wordspec_2.13-3.2.2-sources.jar: download error: Caught javax.net.ssl.SSLHandshakeException: PKIX path building failed: sun.security.provider.certpath.SunCertPathBuilderException: unable to find valid certification path to requested target (PKIX path building failed: sun.security.provider.certpath.SunCertPathBuilderException: unable to find valid certification path to requested target) while downloading https://repo1.maven.org/maven2/org/scalatest/scalatest-wordspec_2.13/3.2.2/scalatest-wordspec_2.13-3.2.2-sources.jar
[error] https://repo1.maven.org/maven2/io/circe/circe-parser_2.13/0.12.2/circe-parser_2.13-0.12.2-sources.jar: download error: Caught javax.net.ssl.SSLHandshakeException: PKIX path building failed: sun.security.provider.certpath.SunCertPathBuilderException: unable to find valid certification path to requested target (PKIX path building failed: sun.security.provider.certpath.SunCertPathBuilderException: unable to find valid certification path to requested target) while downloading https://repo1.maven.org/maven2/io/circe/circe-parser_2.13/0.12.2/circe-parser_2.13-0.12.2-sources.jar
[error] https://repo1.maven.org/maven2/org/typelevel/cats-kernel_2.13/2.0.0/cats-kernel_2.13-2.0.0-javadoc.jar: download error: Caught javax.net.ssl.SSLHandshakeException: PKIX path building failed: sun.security.provider.certpath.SunCertPathBuilderException: unable to find valid certification path to requested target (PKIX path building failed: sun.security.provider.certpath.SunCertPathBuilderException: unable to find valid certification path to requested target) while downloading https://repo1.maven.org/maven2/org/typelevel/cats-kernel_2.13/2.0.0/cats-kernel_2.13-2.0.0-javadoc.jar
[error] https://repo1.maven.org/maven2/io/circe/circe-generic_2.13/0.12.2/circe-generic_2.13-0.12.2-javadoc.jar: download error: Caught javax.net.ssl.SSLHandshakeException: PKIX path building failed: sun.security.provider.certpath.SunCertPathBuilderException: unable to find valid certification path to requested target (PKIX path building failed: sun.security.provider.certpath.SunCertPathBuilderException: unable to find valid certification path to requested target) while downloading https://repo1.maven.org/maven2/io/circe/circe-generic_2.13/0.12.2/circe-generic_2.13-0.12.2-javadoc.jar
[error] https://repo1.maven.org/maven2/org/typelevel/cats-macros_2.13/2.0.0/cats-macros_2.13-2.0.0-javadoc.jar: download error: Caught javax.net.ssl.SSLHandshakeException: PKIX path building failed: sun.security.provider.certpath.SunCertPathBuilderException: unable to find valid certification path to requested target (PKIX path building failed: sun.security.provider.certpath.SunCertPathBuilderException: unable to find valid certification path to requested target) while downloading https://repo1.maven.org/maven2/org/typelevel/cats-macros_2.13/2.0.0/cats-macros_2.13-2.0.0-javadoc.jar
[error] https://repo1.maven.org/maven2/org/scalactic/scalactic_2.13/3.2.2/scalactic_2.13-3.2.2-sources.jar: download error: Caught javax.net.ssl.SSLHandshakeException: PKIX path building failed: sun.security.provider.certpath.SunCertPathBuilderException: unable to find valid certification path to requested target (PKIX path building failed: sun.security.provider.certpath.SunCertPathBuilderException: unable to find valid certification path to requested target) while downloading https://repo1.maven.org/maven2/org/scalactic/scalactic_2.13/3.2.2/scalactic_2.13-3.2.2-sources.jar
[error] https://repo1.maven.org/maven2/org/scalatest/scalatest-compatible/3.2.2/scalatest-compatible-3.2.2-javadoc.jar: download error: Caught javax.net.ssl.SSLHandshakeException: PKIX path building failed: sun.security.provider.certpath.SunCertPathBuilderException: unable to find valid certification path to requested target (PKIX path building failed: sun.security.provider.certpath.SunCertPathBuilderException: unable to find valid certification path to requested target) while downloading https://repo1.maven.org/maven2/org/scalatest/scalatest-compatible/3.2.2/scalatest-compatible-3.2.2-javadoc.jar
[error] https://repo1.maven.org/maven2/org/scalatest/scalatest-core_2.13/3.2.2/scalatest-core_2.13-3.2.2-sources.jar: download error: Caught javax.net.ssl.SSLHandshakeException: PKIX path building failed: sun.security.provider.certpath.SunCertPathBuilderException: unable to find valid certification path to requested target (PKIX path building failed: sun.security.provider.certpath.SunCertPathBuilderException: unable to find valid certification path to requested target) while downloading https://repo1.maven.org/maven2/org/scalatest/scalatest-core_2.13/3.2.2/scalatest-core_2.13-3.2.2-sources.jar
[error] https://repo1.maven.org/maven2/org/scalatest/scalatest-flatspec_2.13/3.2.2/scalatest-flatspec_2.13-3.2.2-javadoc.jar: download error: Caught javax.net.ssl.SSLHandshakeException: PKIX path building failed: sun.security.provider.certpath.SunCertPathBuilderException: unable to find valid certification path to requested target (PKIX path building failed: sun.security.provider.certpath.SunCertPathBuilderException: unable to find valid certification path to requested target) while downloading https://repo1.maven.org/maven2/org/scalatest/scalatest-flatspec_2.13/3.2.2/scalatest-flatspec_2.13-3.2.2-javadoc.jar
[error] https://repo1.maven.org/maven2/org/scalatest/scalatest-featurespec_2.13/3.2.2/scalatest-featurespec_2.13-3.2.2-sources.jar: download error: Caught javax.net.ssl.SSLHandshakeException: PKIX path building failed: sun.security.provider.certpath.SunCertPathBuilderException: unable to find valid certification path to requested target (PKIX path building failed: sun.security.provider.certpath.SunCertPathBuilderException: unable to find valid certification path to requested target) while downloading https://repo1.maven.org/maven2/org/scalatest/scalatest-featurespec_2.13/3.2.2/scalatest-featurespec_2.13-3.2.2-sources.jar
[error] https://repo1.maven.org/maven2/org/scala-lang/scala-compiler/2.13.4/scala-compiler-2.13.4-sources.jar: download error: Caught javax.net.ssl.SSLHandshakeException: PKIX path building failed: sun.security.provider.certpath.SunCertPathBuilderException: unable to find valid certification path to requested target (PKIX path building failed: sun.security.provider.certpath.SunCertPathBuilderException: unable to find valid certification path to requested target) while downloading https://repo1.maven.org/maven2/org/scala-lang/scala-compiler/2.13.4/scala-compiler-2.13.4-sources.jar
[error] https://repo1.maven.org/maven2/net/java/dev/jna/jna/5.3.1/jna-5.3.1-sources.jar: download error: Caught javax.net.ssl.SSLHandshakeException: PKIX path building failed: sun.security.provider.certpath.SunCertPathBuilderException: unable to find valid certification path to requested target (PKIX path building failed: sun.security.provider.certpath.SunCertPathBuilderException: unable to find valid certification path to requested target) while downloading https://repo1.maven.org/maven2/net/java/dev/jna/jna/5.3.1/jna-5.3.1-sources.jar
[error] https://repo1.maven.org/maven2/org/scalatest/scalatest_2.13/3.2.2/scalatest_2.13-3.2.2-javadoc.jar: download error: Caught javax.net.ssl.SSLHandshakeException: PKIX path building failed: sun.security.provider.certpath.SunCertPathBuilderException: unable to find valid certification path to requested target (PKIX path building failed: sun.security.provider.certpath.SunCertPathBuilderException: unable to find valid certification path to requested target) while downloading https://repo1.maven.org/maven2/org/scalatest/scalatest_2.13/3.2.2/scalatest_2.13-3.2.2-javadoc.jar
[error] https://repo1.maven.org/maven2/org/typelevel/cats-macros_2.13/2.0.0/cats-macros_2.13-2.0.0-sources.jar: download error: Caught javax.net.ssl.SSLHandshakeException: PKIX path building failed: sun.security.provider.certpath.SunCertPathBuilderException: unable to find valid certification path to requested target (PKIX path building failed: sun.security.provider.certpath.SunCertPathBuilderException: unable to find valid certification path to requested target) while downloading https://repo1.maven.org/maven2/org/typelevel/cats-macros_2.13/2.0.0/cats-macros_2.13-2.0.0-sources.jar
[error] https://repo1.maven.org/maven2/org/scalatest/scalatest-wordspec_2.13/3.2.2/scalatest-wordspec_2.13-3.2.2-javadoc.jar: download error: Caught javax.net.ssl.SSLHandshakeException: PKIX path building failed: sun.security.provider.certpath.SunCertPathBuilderException: unable to find valid certification path to requested target (PKIX path building failed: sun.security.provider.certpath.SunCertPathBuilderException: unable to find valid certification path to requested target) while downloading https://repo1.maven.org/maven2/org/scalatest/scalatest-wordspec_2.13/3.2.2/scalatest-wordspec_2.13-3.2.2-javadoc.jar
[error] https://repo1.maven.org/maven2/org/scalatest/scalatest-diagrams_2.13/3.2.2/scalatest-diagrams_2.13-3.2.2-javadoc.jar: download error: Caught javax.net.ssl.SSLHandshakeException: PKIX path building failed: sun.security.provider.certpath.SunCertPathBuilderException: unable to find valid certification path to requested target (PKIX path building failed: sun.security.provider.certpath.SunCertPathBuilderException: unable to find valid certification path to requested target) while downloading https://repo1.maven.org/maven2/org/scalatest/scalatest-diagrams_2.13/3.2.2/scalatest-diagrams_2.13-3.2.2-javadoc.jar
[error] https://repo1.maven.org/maven2/org/scalatest/scalatest-funsuite_2.13/3.2.2/scalatest-funsuite_2.13-3.2.2-javadoc.jar: download error: Caught javax.net.ssl.SSLHandshakeException: PKIX path building failed: sun.security.provider.certpath.SunCertPathBuilderException: unable to find valid certification path to requested target (PKIX path building failed: sun.security.provider.certpath.SunCertPathBuilderException: unable to find valid certification path to requested target) while downloading https://repo1.maven.org/maven2/org/scalatest/scalatest-funsuite_2.13/3.2.2/scalatest-funsuite_2.13-3.2.2-javadoc.jar
[error] https://repo1.maven.org/maven2/io/circe/circe-generic_2.13/0.12.2/circe-generic_2.13-0.12.2-sources.jar: download error: Caught javax.net.ssl.SSLHandshakeException: PKIX path building failed: sun.security.provider.certpath.SunCertPathBuilderException: unable to find valid certification path to requested target (PKIX path building failed: sun.security.provider.certpath.SunCertPathBuilderException: unable to find valid certification path to requested target) while downloading https://repo1.maven.org/maven2/io/circe/circe-generic_2.13/0.12.2/circe-generic_2.13-0.12.2-sources.jar
[error] https://repo1.maven.org/maven2/com/chuusai/shapeless_2.13/2.3.3/shapeless_2.13-2.3.3-sources.jar: download error: Caught javax.net.ssl.SSLHandshakeException: PKIX path building failed: sun.security.provider.certpath.SunCertPathBuilderException: unable to find valid certification path to requested target (PKIX path building failed: sun.security.provider.certpath.SunCertPathBuilderException: unable to find valid certification path to requested target) while downloading https://repo1.maven.org/maven2/com/chuusai/shapeless_2.13/2.3.3/shapeless_2.13-2.3.3-sources.jar
[error] 
[error] 	at lmcoursier.internal.shaded.coursier.Artifacts$.$anonfun$fetchArtifacts$9(Artifacts.scala:346)
[error] 	at lmcoursier.internal.shaded.coursier.util.Task$.$anonfun$flatMap$extension$1(Task.scala:14)
[error] 	at lmcoursier.internal.shaded.coursier.util.Task$.$anonfun$flatMap$extension$1$adapted(Task.scala:14)
[error] 	at lmcoursier.internal.shaded.coursier.util.Task$.wrap(Task.scala:84)
[error] 	at lmcoursier.internal.shaded.coursier.util.Task$.$anonfun$flatMap$2(Task.scala:14)
[error] 	at scala.concurrent.Future.$anonfun$flatMap$1(Future.scala:307)
[error] 	at scala.concurrent.impl.Promise.$anonfun$transformWith$1(Promise.scala:41)
[error] 	at scala.concurrent.impl.CallbackRunnable.run(Promise.scala:64)
[error] 	at java.base/java.util.concurrent.ThreadPoolExecutor.runWorker(ThreadPoolExecutor.java:1128)
[error] 	at java.base/java.util.concurrent.ThreadPoolExecutor$Worker.run(ThreadPoolExecutor.java:628)
[error] 	at java.base/java.lang.Thread.run(Thread.java:830)
[error] Caused by: lmcoursier.internal.shaded.coursier.cache.ArtifactError$DownloadError: download error: Caught javax.net.ssl.SSLHandshakeException: PKIX path building failed: sun.security.provider.certpath.SunCertPathBuilderException: unable to find valid certification path to requested target (PKIX path building failed: sun.security.provider.certpath.SunCertPathBuilderException: unable to find valid certification path to requested target) while downloading https://repo1.maven.org/maven2/org/scalatest/scalatest-diagrams_2.13/3.2.2/scalatest-diagrams_2.13-3.2.2-sources.jar
[error] 	at lmcoursier.internal.shaded.coursier.cache.FileCache$.helper$2(FileCache.scala:1008)
[error] 	at lmcoursier.internal.shaded.coursier.cache.FileCache$.coursier$cache$FileCache$$downloading(FileCache.scala:1022)
[error] 	at lmcoursier.internal.shaded.coursier.cache.FileCache.doDownload$1(FileCache.scala:321)
[error] 	at lmcoursier.internal.shaded.coursier.cache.FileCache.$anonfun$download$55(FileCache.scala:506)
[error] 	at lmcoursier.internal.shaded.coursier.cache.CacheLocks$.loop$1(CacheLocks.scala:72)
[error] 	at lmcoursier.internal.shaded.coursier.cache.CacheLocks$.withLockOr(CacheLocks.scala:98)
[error] 	at lmcoursier.internal.shaded.coursier.cache.FileCache.$anonfun$download$33(FileCache.scala:507)
[error] 	at scala.concurrent.Future$.$anonfun$apply$1(Future.scala:659)
[error] 	at scala.util.Success.$anonfun$map$1(Try.scala:255)
[error] 	at scala.util.Success.map(Try.scala:213)
[error] 	at scala.concurrent.Future.$anonfun$map$1(Future.scala:292)
[error] 	at scala.concurrent.impl.Promise.liftedTree1$1(Promise.scala:33)
[error] 	at scala.concurrent.impl.Promise.$anonfun$transform$1(Promise.scala:33)
[error] 	at scala.concurrent.impl.CallbackRunnable.run(Promise.scala:64)
[error] 	at java.base/java.util.concurrent.ThreadPoolExecutor.runWorker(ThreadPoolExecutor.java:1128)
[error] 	at java.base/java.util.concurrent.ThreadPoolExecutor$Worker.run(ThreadPoolExecutor.java:628)
[error] 	at java.base/java.lang.Thread.run(Thread.java:830)
[error] Caused by: javax.net.ssl.SSLHandshakeException: PKIX path building failed: sun.security.provider.certpath.SunCertPathBuilderException: unable to find valid certification path to requested target
[error] 	at java.base/sun.security.ssl.Alert.createSSLException(Alert.java:131)
[error] 	at java.base/sun.security.ssl.TransportContext.fatal(TransportContext.java:324)
[error] 	at java.base/sun.security.ssl.TransportContext.fatal(TransportContext.java:267)
[error] 	at java.base/sun.security.ssl.TransportContext.fatal(TransportContext.java:262)
[error] 	at java.base/sun.security.ssl.CertificateMessage$T13CertificateConsumer.checkServerCerts(CertificateMessage.java:1339)
[error] 	at java.base/sun.security.ssl.CertificateMessage$T13CertificateConsumer.onConsumeCertificate(CertificateMessage.java:1214)
[error] 	at java.base/sun.security.ssl.CertificateMessage$T13CertificateConsumer.consume(CertificateMessage.java:1157)
[error] 	at java.base/sun.security.ssl.SSLHandshake.consume(SSLHandshake.java:396)
[error] 	at java.base/sun.security.ssl.HandshakeContext.dispatch(HandshakeContext.java:444)
[error] 	at java.base/sun.security.ssl.HandshakeContext.dispatch(HandshakeContext.java:422)
[error] 	at java.base/sun.security.ssl.TransportContext.dispatch(TransportContext.java:181)
[error] 	at java.base/sun.security.ssl.SSLTransport.decode(SSLTransport.java:164)
[error] 	at java.base/sun.security.ssl.SSLSocketImpl.decode(SSLSocketImpl.java:1460)
[error] 	at java.base/sun.security.ssl.SSLSocketImpl.readHandshakeRecord(SSLSocketImpl.java:1368)
[error] 	at java.base/sun.security.ssl.SSLSocketImpl.startHandshake(SSLSocketImpl.java:437)
[error] 	at java.base/sun.net.www.protocol.https.HttpsClient.afterConnect(HttpsClient.java:567)
[error] 	at java.base/sun.net.www.protocol.https.AbstractDelegateHttpsURLConnection.connect(AbstractDelegateHttpsURLConnection.java:171)
[error] 	at java.base/sun.net.www.protocol.http.HttpURLConnection.getInputStream0(HttpURLConnection.java:1587)
[error] 	at java.base/sun.net.www.protocol.http.HttpURLConnection$9.run(HttpURLConnection.java:1507)
[error] 	at java.base/sun.net.www.protocol.http.HttpURLConnection$9.run(HttpURLConnection.java:1505)
[error] 	at java.base/java.security.AccessController.doPrivileged(AccessController.java:691)
[error] 	at java.base/java.security.AccessController.doPrivilegedWithCombiner(AccessController.java:934)
[error] 	at java.base/sun.net.www.protocol.http.HttpURLConnection.getInputStream(HttpURLConnection.java:1504)
[error] 	at java.base/java.net.HttpURLConnection.getResponseCode(HttpURLConnection.java:527)
[error] 	at java.base/sun.net.www.protocol.https.HttpsURLConnectionImpl.getResponseCode(HttpsURLConnectionImpl.java:308)
[error] 	at lmcoursier.internal.shaded.coursier.cache.CacheUrl$.redirectTo(CacheUrl.scala:154)
[error] 	at lmcoursier.internal.shaded.coursier.cache.CacheUrl$.redirect(CacheUrl.scala:164)
[error] 	at lmcoursier.internal.shaded.coursier.cache.CacheUrl$.urlConnectionMaybePartial(CacheUrl.scala:311)
[error] 	at lmcoursier.internal.shaded.coursier.cache.ConnectionBuilder.connectionMaybePartial(ConnectionBuilder.scala:45)
[error] 	at lmcoursier.internal.shaded.coursier.cache.FileCache.$anonfun$download$34(FileCache.scala:348)
[error] 	at lmcoursier.internal.shaded.coursier.cache.FileCache$.$anonfun$downloading$1(FileCache.scala:988)
[error] 	at lmcoursier.internal.shaded.coursier.cache.CacheLocks$.withUrlLock(CacheLocks.scala:116)
[error] 	at lmcoursier.internal.shaded.coursier.cache.FileCache$.helper$2(FileCache.scala:988)
[error] 	at lmcoursier.internal.shaded.coursier.cache.FileCache$.coursier$cache$FileCache$$downloading(FileCache.scala:1022)
[error] 	at lmcoursier.internal.shaded.coursier.cache.FileCache.doDownload$1(FileCache.scala:321)
[error] 	at lmcoursier.internal.shaded.coursier.cache.FileCache.$anonfun$download$55(FileCache.scala:506)
[error] 	at lmcoursier.internal.shaded.coursier.cache.CacheLocks$.loop$1(CacheLocks.scala:72)
[error] 	at lmcoursier.internal.shaded.coursier.cache.CacheLocks$.withLockOr(CacheLocks.scala:98)
[error] 	at lmcoursier.internal.shaded.coursier.cache.FileCache.$anonfun$download$33(FileCache.scala:507)
[error] 	at scala.concurrent.Future$.$anonfun$apply$1(Future.scala:659)
[error] 	at scala.util.Success.$anonfun$map$1(Try.scala:255)
[error] 	at scala.util.Success.map(Try.scala:213)
[error] 	at scala.concurrent.Future.$anonfun$map$1(Future.scala:292)
[error] 	at scala.concurrent.impl.Promise.liftedTree1$1(Promise.scala:33)
[error] 	at scala.concurrent.impl.Promise.$anonfun$transform$1(Promise.scala:33)
[error] 	at scala.concurrent.impl.CallbackRunnable.run(Promise.scala:64)
[error] 	at java.base/java.util.concurrent.ThreadPoolExecutor.runWorker(ThreadPoolExecutor.java:1128)
[error] 	at java.base/java.util.concurrent.ThreadPoolExecutor$Worker.run(ThreadPoolExecutor.java:628)
[error] 	at java.base/java.lang.Thread.run(Thread.java:830)
[error] Caused by: sun.security.validator.ValidatorException: PKIX path building failed: sun.security.provider.certpath.SunCertPathBuilderException: unable to find valid certification path to requested target
[error] 	at java.base/sun.security.validator.PKIXValidator.doBuild(PKIXValidator.java:438)
[error] 	at java.base/sun.security.validator.PKIXValidator.engineValidate(PKIXValidator.java:305)
[error] 	at java.base/sun.security.validator.Validator.validate(Validator.java:264)
[error] 	at java.base/sun.security.ssl.X509TrustManagerImpl.checkTrusted(X509TrustManagerImpl.java:231)
[error] 	at java.base/sun.security.ssl.X509TrustManagerImpl.checkServerTrusted(X509TrustManagerImpl.java:132)
[error] 	at java.base/sun.security.ssl.CertificateMessage$T13CertificateConsumer.checkServerCerts(CertificateMessage.java:1323)
[error] 	at java.base/sun.security.ssl.CertificateMessage$T13CertificateConsumer.onConsumeCertificate(CertificateMessage.java:1214)
[error] 	at java.base/sun.security.ssl.CertificateMessage$T13CertificateConsumer.consume(CertificateMessage.java:1157)
[error] 	at java.base/sun.security.ssl.SSLHandshake.consume(SSLHandshake.java:396)
[error] 	at java.base/sun.security.ssl.HandshakeContext.dispatch(HandshakeContext.java:444)
[error] 	at java.base/sun.security.ssl.HandshakeContext.dispatch(HandshakeContext.java:422)
[error] 	at java.base/sun.security.ssl.TransportContext.dispatch(TransportContext.java:181)
[error] 	at java.base/sun.security.ssl.SSLTransport.decode(SSLTransport.java:164)
[error] 	at java.base/sun.security.ssl.SSLSocketImpl.decode(SSLSocketImpl.java:1460)
[error] 	at java.base/sun.security.ssl.SSLSocketImpl.readHandshakeRecord(SSLSocketImpl.java:1368)
[error] 	at java.base/sun.security.ssl.SSLSocketImpl.startHandshake(SSLSocketImpl.java:437)
[error] 	at java.base/sun.net.www.protocol.https.HttpsClient.afterConnect(HttpsClient.java:567)
[error] 	at java.base/sun.net.www.protocol.https.AbstractDelegateHttpsURLConnection.connect(AbstractDelegateHttpsURLConnection.java:171)
[error] 	at java.base/sun.net.www.protocol.http.HttpURLConnection.getInputStream0(HttpURLConnection.java:1587)
[error] 	at java.base/sun.net.www.protocol.http.HttpURLConnection$9.run(HttpURLConnection.java:1507)
[error] 	at java.base/sun.net.www.protocol.http.HttpURLConnection$9.run(HttpURLConnection.java:1505)
[error] 	at java.base/java.security.AccessController.doPrivileged(AccessController.java:691)
[error] 	at java.base/java.security.AccessController.doPrivilegedWithCombiner(AccessController.java:934)
[error] 	at java.base/sun.net.www.protocol.http.HttpURLConnection.getInputStream(HttpURLConnection.java:1504)
[error] 	at java.base/java.net.HttpURLConnection.getResponseCode(HttpURLConnection.java:527)
[error] 	at java.base/sun.net.www.protocol.https.HttpsURLConnectionImpl.getResponseCode(HttpsURLConnectionImpl.java:308)
[error] 	at lmcoursier.internal.shaded.coursier.cache.CacheUrl$.redirectTo(CacheUrl.scala:154)
[error] 	at lmcoursier.internal.shaded.coursier.cache.CacheUrl$.redirect(CacheUrl.scala:164)
[error] 	at lmcoursier.internal.shaded.coursier.cache.CacheUrl$.urlConnectionMaybePartial(CacheUrl.scala:311)
[error] 	at lmcoursier.internal.shaded.coursier.cache.ConnectionBuilder.connectionMaybePartial(ConnectionBuilder.scala:45)
[error] 	at lmcoursier.internal.shaded.coursier.cache.FileCache.$anonfun$download$34(FileCache.scala:348)
[error] 	at lmcoursier.internal.shaded.coursier.cache.FileCache$.$anonfun$downloading$1(FileCache.scala:988)
[error] 	at lmcoursier.internal.shaded.coursier.cache.CacheLocks$.withUrlLock(CacheLocks.scala:116)
[error] 	at lmcoursier.internal.shaded.coursier.cache.FileCache$.helper$2(FileCache.scala:988)
[error] 	at lmcoursier.internal.shaded.coursier.cache.FileCache$.coursier$cache$FileCache$$downloading(FileCache.scala:1022)
[error] 	at lmcoursier.internal.shaded.coursier.cache.FileCache.doDownload$1(FileCache.scala:321)
[error] 	at lmcoursier.internal.shaded.coursier.cache.FileCache.$anonfun$download$55(FileCache.scala:506)
[error] 	at lmcoursier.internal.shaded.coursier.cache.CacheLocks$.loop$1(CacheLocks.scala:72)
[error] 	at lmcoursier.internal.shaded.coursier.cache.CacheLocks$.withLockOr(CacheLocks.scala:98)
[error] 	at lmcoursier.internal.shaded.coursier.cache.FileCache.$anonfun$download$33(FileCache.scala:507)
[error] 	at scala.concurrent.Future$.$anonfun$apply$1(Future.scala:659)
[error] 	at scala.util.Success.$anonfun$map$1(Try.scala:255)
[error] 	at scala.util.Success.map(Try.scala:213)
[error] 	at scala.concurrent.Future.$anonfun$map$1(Future.scala:292)
[error] 	at scala.concurrent.impl.Promise.liftedTree1$1(Promise.scala:33)
[error] 	at scala.concurrent.impl.Promise.$anonfun$transform$1(Promise.scala:33)
[error] 	at scala.concurrent.impl.CallbackRunnable.run(Promise.scala:64)
[error] 	at java.base/java.util.concurrent.ThreadPoolExecutor.runWorker(ThreadPoolExecutor.java:1128)
[error] 	at java.base/java.util.concurrent.ThreadPoolExecutor$Worker.run(ThreadPoolExecutor.java:628)
[error] 	at java.base/java.lang.Thread.run(Thread.java:830)
[error] Caused by: sun.security.provider.certpath.SunCertPathBuilderException: unable to find valid certification path to requested target
[error] 	at java.base/sun.security.provider.certpath.SunCertPathBuilder.build(SunCertPathBuilder.java:141)
[error] 	at java.base/sun.security.provider.certpath.SunCertPathBuilder.engineBuild(SunCertPathBuilder.java:126)
[error] 	at java.base/java.security.cert.CertPathBuilder.build(CertPathBuilder.java:297)
[error] 	at java.base/sun.security.validator.PKIXValidator.doBuild(PKIXValidator.java:433)
[error] 	at java.base/sun.security.validator.PKIXValidator.engineValidate(PKIXValidator.java:305)
[error] 	at java.base/sun.security.validator.Validator.validate(Validator.java:264)
[error] 	at java.base/sun.security.ssl.X509TrustManagerImpl.checkTrusted(X509TrustManagerImpl.java:231)
[error] 	at java.base/sun.security.ssl.X509TrustManagerImpl.checkServerTrusted(X509TrustManagerImpl.java:132)
[error] 	at java.base/sun.security.ssl.CertificateMessage$T13CertificateConsumer.checkServerCerts(CertificateMessage.java:1323)
[error] 	at java.base/sun.security.ssl.CertificateMessage$T13CertificateConsumer.onConsumeCertificate(CertificateMessage.java:1214)
[error] 	at java.base/sun.security.ssl.CertificateMessage$T13CertificateConsumer.consume(CertificateMessage.java:1157)
[error] 	at java.base/sun.security.ssl.SSLHandshake.consume(SSLHandshake.java:396)
[error] 	at java.base/sun.security.ssl.HandshakeContext.dispatch(HandshakeContext.java:444)
[error] 	at java.base/sun.security.ssl.HandshakeContext.dispatch(HandshakeContext.java:422)
[error] 	at java.base/sun.security.ssl.TransportContext.dispatch(TransportContext.java:181)
[error] 	at java.base/sun.security.ssl.SSLTransport.decode(SSLTransport.java:164)
[error] 	at java.base/sun.security.ssl.SSLSocketImpl.decode(SSLSocketImpl.java:1460)
[error] 	at java.base/sun.security.ssl.SSLSocketImpl.readHandshakeRecord(SSLSocketImpl.java:1368)
[error] 	at java.base/sun.security.ssl.SSLSocketImpl.startHandshake(SSLSocketImpl.java:437)
[error] 	at java.base/sun.net.www.protocol.https.HttpsClient.afterConnect(HttpsClient.java:567)
[error] 	at java.base/sun.net.www.protocol.https.AbstractDelegateHttpsURLConnection.connect(AbstractDelegateHttpsURLConnection.java:171)
[error] 	at java.base/sun.net.www.protocol.http.HttpURLConnection.getInputStream0(HttpURLConnection.java:1587)
[error] 	at java.base/sun.net.www.protocol.http.HttpURLConnection$9.run(HttpURLConnection.java:1507)
[error] 	at java.base/sun.net.www.protocol.http.HttpURLConnection$9.run(HttpURLConnection.java:1505)
[error] 	at java.base/java.security.AccessController.doPrivileged(AccessController.java:691)
[error] 	at java.base/java.security.AccessController.doPrivilegedWithCombiner(AccessController.java:934)
[error] 	at java.base/sun.net.www.protocol.http.HttpURLConnection.getInputStream(HttpURLConnection.java:1504)
[error] 	at java.base/java.net.HttpURLConnection.getResponseCode(HttpURLConnection.java:527)
[error] 	at java.base/sun.net.www.protocol.https.HttpsURLConnectionImpl.getResponseCode(HttpsURLConnectionImpl.java:308)
[error] 	at lmcoursier.internal.shaded.coursier.cache.CacheUrl$.redirectTo(CacheUrl.scala:154)
[error] 	at lmcoursier.internal.shaded.coursier.cache.CacheUrl$.redirect(CacheUrl.scala:164)
[error] 	at lmcoursier.internal.shaded.coursier.cache.CacheUrl$.urlConnectionMaybePartial(CacheUrl.scala:311)
[error] 	at lmcoursier.internal.shaded.coursier.cache.ConnectionBuilder.connectionMaybePartial(ConnectionBuilder.scala:45)
[error] 	at lmcoursier.internal.shaded.coursier.cache.FileCache.$anonfun$download$34(FileCache.scala:348)
[error] 	at lmcoursier.internal.shaded.coursier.cache.FileCache$.$anonfun$downloading$1(FileCache.scala:988)
[error] 	at lmcoursier.internal.shaded.coursier.cache.CacheLocks$.withUrlLock(CacheLocks.scala:116)
[error] 	at lmcoursier.internal.shaded.coursier.cache.FileCache$.helper$2(FileCache.scala:988)
[error] 	at lmcoursier.internal.shaded.coursier.cache.FileCache$.coursier$cache$FileCache$$downloading(FileCache.scala:1022)
[error] 	at lmcoursier.internal.shaded.coursier.cache.FileCache.doDownload$1(FileCache.scala:321)
[error] 	at lmcoursier.internal.shaded.coursier.cache.FileCache.$anonfun$download$55(FileCache.scala:506)
[error] 	at lmcoursier.internal.shaded.coursier.cache.CacheLocks$.loop$1(CacheLocks.scala:72)
[error] 	at lmcoursier.internal.shaded.coursier.cache.CacheLocks$.withLockOr(CacheLocks.scala:98)
[error] 	at lmcoursier.internal.shaded.coursier.cache.FileCache.$anonfun$download$33(FileCache.scala:507)
[error] 	at scala.concurrent.Future$.$anonfun$apply$1(Future.scala:659)
[error] 	at scala.util.Success.$anonfun$map$1(Try.scala:255)
[error] 	at scala.util.Success.map(Try.scala:213)
[error] 	at scala.concurrent.Future.$anonfun$map$1(Future.scala:292)
[error] 	at scala.concurrent.impl.Promise.liftedTree1$1(Promise.scala:33)
[error] 	at scala.concurrent.impl.Promise.$anonfun$transform$1(Promise.scala:33)
[error] 	at scala.concurrent.impl.CallbackRunnable.run(Promise.scala:64)
[error] 	at java.base/java.util.concurrent.ThreadPoolExecutor.runWorker(ThreadPoolExecutor.java:1128)
[error] 	at java.base/java.util.concurrent.ThreadPoolExecutor$Worker.run(ThreadPoolExecutor.java:628)
[error] 	at java.base/java.lang.Thread.run(Thread.java:830)
[error] (updateClassifiers) lmcoursier.internal.shaded.coursier.error.FetchError$DownloadingArtifacts: Error fetching artifacts:
[error] https://repo1.maven.org/maven2/org/scalatest/scalatest-diagrams_2.13/3.2.2/scalatest-diagrams_2.13-3.2.2-sources.jar: download error: Caught javax.net.ssl.SSLHandshakeException: PKIX path building failed: sun.security.provider.certpath.SunCertPathBuilderException: unable to find valid certification path to requested target (PKIX path building failed: sun.security.provider.certpath.SunCertPathBuilderException: unable to find valid certification path to requested target) while downloading https://repo1.maven.org/maven2/org/scalatest/scalatest-diagrams_2.13/3.2.2/scalatest-diagrams_2.13-3.2.2-sources.jar
[error] https://repo1.maven.org/maven2/org/scala-lang/scala-compiler/2.13.4/scala-compiler-2.13.4-javadoc.jar: download error: Caught javax.net.ssl.SSLHandshakeException: PKIX path building failed: sun.security.provider.certpath.SunCertPathBuilderException: unable to find valid certification path to requested target (PKIX path building failed: sun.security.provider.certpath.SunCertPathBuilderException: unable to find valid certification path to requested target) while downloading https://repo1.maven.org/maven2/org/scala-lang/scala-compiler/2.13.4/scala-compiler-2.13.4-javadoc.jar
[error] https://repo1.maven.org/maven2/org/scalatest/scalatest-funsuite_2.13/3.2.2/scalatest-funsuite_2.13-3.2.2-sources.jar: download error: Caught javax.net.ssl.SSLHandshakeException: PKIX path building failed: sun.security.provider.certpath.SunCertPathBuilderException: unable to find valid certification path to requested target (PKIX path building failed: sun.security.provider.certpath.SunCertPathBuilderException: unable to find valid certification path to requested target) while downloading https://repo1.maven.org/maven2/org/scalatest/scalatest-funsuite_2.13/3.2.2/scalatest-funsuite_2.13-3.2.2-sources.jar
[error] https://repo1.maven.org/maven2/io/circe/circe-parser_2.13/0.12.2/circe-parser_2.13-0.12.2-javadoc.jar: download error: Caught javax.net.ssl.SSLHandshakeException: PKIX path building failed: sun.security.provider.certpath.SunCertPathBuilderException: unable to find valid certification path to requested target (PKIX path building failed: sun.security.provider.certpath.SunCertPathBuilderException: unable to find valid certification path to requested target) while downloading https://repo1.maven.org/maven2/io/circe/circe-parser_2.13/0.12.2/circe-parser_2.13-0.12.2-javadoc.jar
[error] https://repo1.maven.org/maven2/org/scalatest/scalatest-freespec_2.13/3.2.2/scalatest-freespec_2.13-3.2.2-javadoc.jar: download error: Caught javax.net.ssl.SSLHandshakeException: PKIX path building failed: sun.security.provider.certpath.SunCertPathBuilderException: unable to find valid certification path to requested target (PKIX path building failed: sun.security.provider.certpath.SunCertPathBuilderException: unable to find valid certification path to requested target) while downloading https://repo1.maven.org/maven2/org/scalatest/scalatest-freespec_2.13/3.2.2/scalatest-freespec_2.13-3.2.2-javadoc.jar
[error] https://repo1.maven.org/maven2/org/scalatest/scalatest-refspec_2.13/3.2.2/scalatest-refspec_2.13-3.2.2-javadoc.jar: download error: Caught javax.net.ssl.SSLHandshakeException: PKIX path building failed: sun.security.provider.certpath.SunCertPathBuilderException: unable to find valid certification path to requested target (PKIX path building failed: sun.security.provider.certpath.SunCertPathBuilderException: unable to find valid certification path to requested target) while downloading https://repo1.maven.org/maven2/org/scalatest/scalatest-refspec_2.13/3.2.2/scalatest-refspec_2.13-3.2.2-javadoc.jar
[error] https://repo1.maven.org/maven2/org/typelevel/cats-core_2.13/2.0.0/cats-core_2.13-2.0.0-sources.jar: download error: Caught javax.net.ssl.SSLHandshakeException: PKIX path building failed: sun.security.provider.certpath.SunCertPathBuilderException: unable to find valid certification path to requested target (PKIX path building failed: sun.security.provider.certpath.SunCertPathBuilderException: unable to find valid certification path to requested target) while downloading https://repo1.maven.org/maven2/org/typelevel/cats-core_2.13/2.0.0/cats-core_2.13-2.0.0-sources.jar
[error] https://repo1.maven.org/maven2/io/circe/circe-jawn_2.13/0.12.2/circe-jawn_2.13-0.12.2-javadoc.jar: download error: Caught javax.net.ssl.SSLHandshakeException: PKIX path building failed: sun.security.provider.certpath.SunCertPathBuilderException: unable to find valid certification path to requested target (PKIX path building failed: sun.security.provider.certpath.SunCertPathBuilderException: unable to find valid certification path to requested target) while downloading https://repo1.maven.org/maven2/io/circe/circe-jawn_2.13/0.12.2/circe-jawn_2.13-0.12.2-javadoc.jar
[error] https://repo1.maven.org/maven2/org/scalatest/scalatest-core_2.13/3.2.2/scalatest-core_2.13-3.2.2-javadoc.jar: download error: Caught javax.net.ssl.SSLHandshakeException: PKIX path building failed: sun.security.provider.certpath.SunCertPathBuilderException: unable to find valid certification path to requested target (PKIX path building failed: sun.security.provider.certpath.SunCertPathBuilderException: unable to find valid certification path to requested target) while downloading https://repo1.maven.org/maven2/org/scalatest/scalatest-core_2.13/3.2.2/scalatest-core_2.13-3.2.2-javadoc.jar
[error] https://repo1.maven.org/maven2/org/scalatest/scalatest-funspec_2.13/3.2.2/scalatest-funspec_2.13-3.2.2-javadoc.jar: download error: Caught javax.net.ssl.SSLHandshakeException: PKIX path building failed: sun.security.provider.certpath.SunCertPathBuilderException: unable to find valid certification path to requested target (PKIX path building failed: sun.security.provider.certpath.SunCertPathBuilderException: unable to find valid certification path to requested target) while downloading https://repo1.maven.org/maven2/org/scalatest/scalatest-funspec_2.13/3.2.2/scalatest-funspec_2.13-3.2.2-javadoc.jar
[error] https://repo1.maven.org/maven2/org/scalatest/scalatest-flatspec_2.13/3.2.2/scalatest-flatspec_2.13-3.2.2-sources.jar: download error: Caught javax.net.ssl.SSLHandshakeException: PKIX path building failed: sun.security.provider.certpath.SunCertPathBuilderException: unable to find valid certification path to requested target (PKIX path building failed: sun.security.provider.certpath.SunCertPathBuilderException: unable to find valid certification path to requested target) while downloading https://repo1.maven.org/maven2/org/scalatest/scalatest-flatspec_2.13/3.2.2/scalatest-flatspec_2.13-3.2.2-sources.jar
[error] https://repo1.maven.org/maven2/org/typelevel/cats-core_2.13/2.0.0/cats-core_2.13-2.0.0-javadoc.jar: download error: Caught javax.net.ssl.SSLHandshakeException: PKIX path building failed: sun.security.provider.certpath.SunCertPathBuilderException: unable to find valid certification path to requested target (PKIX path building failed: sun.security.provider.certpath.SunCertPathBuilderException: unable to find valid certification path to requested target) while downloading https://repo1.maven.org/maven2/org/typelevel/cats-core_2.13/2.0.0/cats-core_2.13-2.0.0-javadoc.jar
[error] https://repo1.maven.org/maven2/org/scala-lang/modules/scala-xml_2.13/1.2.0/scala-xml_2.13-1.2.0-javadoc.jar: download error: Caught javax.net.ssl.SSLHandshakeException: PKIX path building failed: sun.security.provider.certpath.SunCertPathBuilderException: unable to find valid certification path to requested target (PKIX path building failed: sun.security.provider.certpath.SunCertPathBuilderException: unable to find valid certification path to requested target) while downloading https://repo1.maven.org/maven2/org/scala-lang/modules/scala-xml_2.13/1.2.0/scala-xml_2.13-1.2.0-javadoc.jar
[error] https://repo1.maven.org/maven2/org/scala-lang/scala-reflect/2.13.4/scala-reflect-2.13.4-javadoc.jar: download error: Caught javax.net.ssl.SSLHandshakeException: PKIX path building failed: sun.security.provider.certpath.SunCertPathBuilderException: unable to find valid certification path to requested target (PKIX path building failed: sun.security.provider.certpath.SunCertPathBuilderException: unable to find valid certification path to requested target) while downloading https://repo1.maven.org/maven2/org/scala-lang/scala-reflect/2.13.4/scala-reflect-2.13.4-javadoc.jar
[error] https://repo1.maven.org/maven2/org/scalatest/scalatest_2.13/3.2.2/scalatest_2.13-3.2.2-sources.jar: download error: Caught javax.net.ssl.SSLHandshakeException: PKIX path building failed: sun.security.provider.certpath.SunCertPathBuilderException: unable to find valid certification path to requested target (PKIX path building failed: sun.security.provider.certpath.SunCertPathBuilderException: unable to find valid certification path to requested target) while downloading https://repo1.maven.org/maven2/org/scalatest/scalatest_2.13/3.2.2/scalatest_2.13-3.2.2-sources.jar
[error] https://repo1.maven.org/maven2/org/scalatest/scalatest-compatible/3.2.2/scalatest-compatible-3.2.2-sources.jar: download error: Caught javax.net.ssl.SSLHandshakeException: PKIX path building failed: sun.security.provider.certpath.SunCertPathBuilderException: unable to find valid certification path to requested target (PKIX path building failed: sun.security.provider.certpath.SunCertPathBuilderException: unable to find valid certification path to requested target) while downloading https://repo1.maven.org/maven2/org/scalatest/scalatest-compatible/3.2.2/scalatest-compatible-3.2.2-sources.jar
[error] https://repo1.maven.org/maven2/org/scalatest/scalatest-freespec_2.13/3.2.2/scalatest-freespec_2.13-3.2.2-sources.jar: download error: Caught javax.net.ssl.SSLHandshakeException: PKIX path building failed: sun.security.provider.certpath.SunCertPathBuilderException: unable to find valid certification path to requested target (PKIX path building failed: sun.security.provider.certpath.SunCertPathBuilderException: unable to find valid certification path to requested target) while downloading https://repo1.maven.org/maven2/org/scalatest/scalatest-freespec_2.13/3.2.2/scalatest-freespec_2.13-3.2.2-sources.jar
[error] https://repo1.maven.org/maven2/org/jline/jline/3.16.0/jline-3.16.0-javadoc.jar: download error: Caught javax.net.ssl.SSLHandshakeException: PKIX path building failed: sun.security.provider.certpath.SunCertPathBuilderException: unable to find valid certification path to requested target (PKIX path building failed: sun.security.provider.certpath.SunCertPathBuilderException: unable to find valid certification path to requested target) while downloading https://repo1.maven.org/maven2/org/jline/jline/3.16.0/jline-3.16.0-javadoc.jar
[error] https://repo1.maven.org/maven2/io/circe/circe-core_2.13/0.12.2/circe-core_2.13-0.12.2-javadoc.jar: download error: Caught javax.net.ssl.SSLHandshakeException: PKIX path building failed: sun.security.provider.certpath.SunCertPathBuilderException: unable to find valid certification path to requested target (PKIX path building failed: sun.security.provider.certpath.SunCertPathBuilderException: unable to find valid certification path to requested target) while downloading https://repo1.maven.org/maven2/io/circe/circe-core_2.13/0.12.2/circe-core_2.13-0.12.2-javadoc.jar
[error] https://repo1.maven.org/maven2/org/scala-lang/scala-reflect/2.13.4/scala-reflect-2.13.4-sources.jar: download error: Caught javax.net.ssl.SSLHandshakeException: PKIX path building failed: sun.security.provider.certpath.SunCertPathBuilderException: unable to find valid certification path to requested target (PKIX path building failed: sun.security.provider.certpath.SunCertPathBuilderException: unable to find valid certification path to requested target) while downloading https://repo1.maven.org/maven2/org/scala-lang/scala-reflect/2.13.4/scala-reflect-2.13.4-sources.jar
[error] https://repo1.maven.org/maven2/io/circe/circe-numbers_2.13/0.12.2/circe-numbers_2.13-0.12.2-sources.jar: download error: Caught javax.net.ssl.SSLHandshakeException: PKIX path building failed: sun.security.provider.certpath.SunCertPathBuilderException: unable to find valid certification path to requested target (PKIX path building failed: sun.security.provider.certpath.SunCertPathBuilderException: unable to find valid certification path to requested target) while downloading https://repo1.maven.org/maven2/io/circe/circe-numbers_2.13/0.12.2/circe-numbers_2.13-0.12.2-sources.jar
[error] https://repo1.maven.org/maven2/org/scalatest/scalatest-refspec_2.13/3.2.2/scalatest-refspec_2.13-3.2.2-sources.jar: download error: Caught javax.net.ssl.SSLHandshakeException: PKIX path building failed: sun.security.provider.certpath.SunCertPathBuilderException: unable to find valid certification path to requested target (PKIX path building failed: sun.security.provider.certpath.SunCertPathBuilderException: unable to find valid certification path to requested target) while downloading https://repo1.maven.org/maven2/org/scalatest/scalatest-refspec_2.13/3.2.2/scalatest-refspec_2.13-3.2.2-sources.jar
[error] https://repo1.maven.org/maven2/org/scala-lang/scala-library/2.13.4/scala-library-2.13.4-javadoc.jar: download error: Caught javax.net.ssl.SSLHandshakeException: PKIX path building failed: sun.security.provider.certpath.SunCertPathBuilderException: unable to find valid certification path to requested target (PKIX path building failed: sun.security.provider.certpath.SunCertPathBuilderException: unable to find valid certification path to requested target) while downloading https://repo1.maven.org/maven2/org/scala-lang/scala-library/2.13.4/scala-library-2.13.4-javadoc.jar
[error] https://repo1.maven.org/maven2/org/scalatest/scalatest-mustmatchers_2.13/3.2.2/scalatest-mustmatchers_2.13-3.2.2-javadoc.jar: download error: Caught javax.net.ssl.SSLHandshakeException: PKIX path building failed: sun.security.provider.certpath.SunCertPathBuilderException: unable to find valid certification path to requested target (PKIX path building failed: sun.security.provider.certpath.SunCertPathBuilderException: unable to find valid certification path to requested target) while downloading https://repo1.maven.org/maven2/org/scalatest/scalatest-mustmatchers_2.13/3.2.2/scalatest-mustmatchers_2.13-3.2.2-javadoc.jar
[error] https://repo1.maven.org/maven2/org/scalatest/scalatest-propspec_2.13/3.2.2/scalatest-propspec_2.13-3.2.2-javadoc.jar: download error: Caught javax.net.ssl.SSLHandshakeException: PKIX path building failed: sun.security.provider.certpath.SunCertPathBuilderException: unable to find valid certification path to requested target (PKIX path building failed: sun.security.provider.certpath.SunCertPathBuilderException: unable to find valid certification path to requested target) while downloading https://repo1.maven.org/maven2/org/scalatest/scalatest-propspec_2.13/3.2.2/scalatest-propspec_2.13-3.2.2-javadoc.jar
[error] https://repo1.maven.org/maven2/org/jline/jline/3.16.0/jline-3.16.0-sources.jar: download error: Caught javax.net.ssl.SSLHandshakeException: PKIX path building failed: sun.security.provider.certpath.SunCertPathBuilderException: unable to find valid certification path to requested target (PKIX path building failed: sun.security.provider.certpath.SunCertPathBuilderException: unable to find valid certification path to requested target) while downloading https://repo1.maven.org/maven2/org/jline/jline/3.16.0/jline-3.16.0-sources.jar
[error] https://repo1.maven.org/maven2/org/scalatest/scalatest-matchers-core_2.13/3.2.2/scalatest-matchers-core_2.13-3.2.2-sources.jar: download error: Caught javax.net.ssl.SSLHandshakeException: PKIX path building failed: sun.security.provider.certpath.SunCertPathBuilderException: unable to find valid certification path to requested target (PKIX path building failed: sun.security.provider.certpath.SunCertPathBuilderException: unable to find valid certification path to requested target) while downloading https://repo1.maven.org/maven2/org/scalatest/scalatest-matchers-core_2.13/3.2.2/scalatest-matchers-core_2.13-3.2.2-sources.jar
[error] https://repo1.maven.org/maven2/org/typelevel/cats-kernel_2.13/2.0.0/cats-kernel_2.13-2.0.0-sources.jar: download error: Caught javax.net.ssl.SSLHandshakeException: PKIX path building failed: sun.security.provider.certpath.SunCertPathBuilderException: unable to find valid certification path to requested target (PKIX path building failed: sun.security.provider.certpath.SunCertPathBuilderException: unable to find valid certification path to requested target) while downloading https://repo1.maven.org/maven2/org/typelevel/cats-kernel_2.13/2.0.0/cats-kernel_2.13-2.0.0-sources.jar
[error] https://repo1.maven.org/maven2/org/typelevel/jawn-parser_2.13/0.14.2/jawn-parser_2.13-0.14.2-javadoc.jar: download error: Caught javax.net.ssl.SSLHandshakeException: PKIX path building failed: sun.security.provider.certpath.SunCertPathBuilderException: unable to find valid certification path to requested target (PKIX path building failed: sun.security.provider.certpath.SunCertPathBuilderException: unable to find valid certification path to requested target) while downloading https://repo1.maven.org/maven2/org/typelevel/jawn-parser_2.13/0.14.2/jawn-parser_2.13-0.14.2-javadoc.jar
[error] https://repo1.maven.org/maven2/org/scalatest/scalatest-propspec_2.13/3.2.2/scalatest-propspec_2.13-3.2.2-sources.jar: download error: Caught javax.net.ssl.SSLHandshakeException: PKIX path building failed: sun.security.provider.certpath.SunCertPathBuilderException: unable to find valid certification path to requested target (PKIX path building failed: sun.security.provider.certpath.SunCertPathBuilderException: unable to find valid certification path to requested target) while downloading https://repo1.maven.org/maven2/org/scalatest/scalatest-propspec_2.13/3.2.2/scalatest-propspec_2.13-3.2.2-sources.jar
[error] https://repo1.maven.org/maven2/org/scalatest/scalatest-featurespec_2.13/3.2.2/scalatest-featurespec_2.13-3.2.2-javadoc.jar: download error: Caught javax.net.ssl.SSLHandshakeException: PKIX path building failed: sun.security.provider.certpath.SunCertPathBuilderException: unable to find valid certification path to requested target (PKIX path building failed: sun.security.provider.certpath.SunCertPathBuilderException: unable to find valid certification path to requested target) while downloading https://repo1.maven.org/maven2/org/scalatest/scalatest-featurespec_2.13/3.2.2/scalatest-featurespec_2.13-3.2.2-javadoc.jar
[error] https://repo1.maven.org/maven2/org/scala-lang/scala-library/2.13.4/scala-library-2.13.4-sources.jar: download error: Caught javax.net.ssl.SSLHandshakeException: PKIX path building failed: sun.security.provider.certpath.SunCertPathBuilderException: unable to find valid certification path to requested target (PKIX path building failed: sun.security.provider.certpath.SunCertPathBuilderException: unable to find valid certification path to requested target) while downloading https://repo1.maven.org/maven2/org/scala-lang/scala-library/2.13.4/scala-library-2.13.4-sources.jar
[error] https://repo1.maven.org/maven2/io/circe/circe-numbers_2.13/0.12.2/circe-numbers_2.13-0.12.2-javadoc.jar: download error: Caught javax.net.ssl.SSLHandshakeException: PKIX path building failed: sun.security.provider.certpath.SunCertPathBuilderException: unable to find valid certification path to requested target (PKIX path building failed: sun.security.provider.certpath.SunCertPathBuilderException: unable to find valid certification path to requested target) while downloading https://repo1.maven.org/maven2/io/circe/circe-numbers_2.13/0.12.2/circe-numbers_2.13-0.12.2-javadoc.jar
[error] https://repo1.maven.org/maven2/io/circe/circe-core_2.13/0.12.2/circe-core_2.13-0.12.2-sources.jar: download error: Caught javax.net.ssl.SSLHandshakeException: PKIX path building failed: sun.security.provider.certpath.SunCertPathBuilderException: unable to find valid certification path to requested target (PKIX path building failed: sun.security.provider.certpath.SunCertPathBuilderException: unable to find valid certification path to requested target) while downloading https://repo1.maven.org/maven2/io/circe/circe-core_2.13/0.12.2/circe-core_2.13-0.12.2-sources.jar
[error] https://repo1.maven.org/maven2/net/java/dev/jna/jna/5.3.1/jna-5.3.1-javadoc.jar: download error: Caught javax.net.ssl.SSLHandshakeException: PKIX path building failed: sun.security.provider.certpath.SunCertPathBuilderException: unable to find valid certification path to requested target (PKIX path building failed: sun.security.provider.certpath.SunCertPathBuilderException: unable to find valid certification path to requested target) while downloading https://repo1.maven.org/maven2/net/java/dev/jna/jna/5.3.1/jna-5.3.1-javadoc.jar
[error] https://repo1.maven.org/maven2/org/scalatest/scalatest-shouldmatchers_2.13/3.2.2/scalatest-shouldmatchers_2.13-3.2.2-sources.jar: download error: Caught javax.net.ssl.SSLHandshakeException: PKIX path building failed: sun.security.provider.certpath.SunCertPathBuilderException: unable to find valid certification path to requested target (PKIX path building failed: sun.security.provider.certpath.SunCertPathBuilderException: unable to find valid certification path to requested target) while downloading https://repo1.maven.org/maven2/org/scalatest/scalatest-shouldmatchers_2.13/3.2.2/scalatest-shouldmatchers_2.13-3.2.2-sources.jar
[error] https://repo1.maven.org/maven2/com/chuusai/shapeless_2.13/2.3.3/shapeless_2.13-2.3.3-javadoc.jar: download error: Caught javax.net.ssl.SSLHandshakeException: PKIX path building failed: sun.security.provider.certpath.SunCertPathBuilderException: unable to find valid certification path to requested target (PKIX path building failed: sun.security.provider.certpath.SunCertPathBuilderException: unable to find valid certification path to requested target) while downloading https://repo1.maven.org/maven2/com/chuusai/shapeless_2.13/2.3.3/shapeless_2.13-2.3.3-javadoc.jar
[error] https://repo1.maven.org/maven2/org/scalatest/scalatest-shouldmatchers_2.13/3.2.2/scalatest-shouldmatchers_2.13-3.2.2-javadoc.jar: download error: Caught javax.net.ssl.SSLHandshakeException: PKIX path building failed: sun.security.provider.certpath.SunCertPathBuilderException: unable to find valid certification path to requested target (PKIX path building failed: sun.security.provider.certpath.SunCertPathBuilderException: unable to find valid certification path to requested target) while downloading https://repo1.maven.org/maven2/org/scalatest/scalatest-shouldmatchers_2.13/3.2.2/scalatest-shouldmatchers_2.13-3.2.2-javadoc.jar
[error] https://repo1.maven.org/maven2/org/scalactic/scalactic_2.13/3.2.2/scalactic_2.13-3.2.2-javadoc.jar: download error: Caught javax.net.ssl.SSLHandshakeException: PKIX path building failed: sun.security.provider.certpath.SunCertPathBuilderException: unable to find valid certification path to requested target (PKIX path building failed: sun.security.provider.certpath.SunCertPathBuilderException: unable to find valid certification path to requested target) while downloading https://repo1.maven.org/maven2/org/scalactic/scalactic_2.13/3.2.2/scalactic_2.13-3.2.2-javadoc.jar
[error] https://repo1.maven.org/maven2/org/typelevel/jawn-parser_2.13/0.14.2/jawn-parser_2.13-0.14.2-sources.jar: download error: Caught javax.net.ssl.SSLHandshakeException: PKIX path building failed: sun.security.provider.certpath.SunCertPathBuilderException: unable to find valid certification path to requested target (PKIX path building failed: sun.security.provider.certpath.SunCertPathBuilderException: unable to find valid certification path to requested target) while downloading https://repo1.maven.org/maven2/org/typelevel/jawn-parser_2.13/0.14.2/jawn-parser_2.13-0.14.2-sources.jar
[error] https://repo1.maven.org/maven2/org/scala-lang/modules/scala-xml_2.13/1.2.0/scala-xml_2.13-1.2.0-sources.jar: download error: Caught javax.net.ssl.SSLHandshakeException: PKIX path building failed: sun.security.provider.certpath.SunCertPathBuilderException: unable to find valid certification path to requested target (PKIX path building failed: sun.security.provider.certpath.SunCertPathBuilderException: unable to find valid certification path to requested target) while downloading https://repo1.maven.org/maven2/org/scala-lang/modules/scala-xml_2.13/1.2.0/scala-xml_2.13-1.2.0-sources.jar
[error] https://repo1.maven.org/maven2/org/scalatest/scalatest-mustmatchers_2.13/3.2.2/scalatest-mustmatchers_2.13-3.2.2-sources.jar: download error: Caught javax.net.ssl.SSLHandshakeException: PKIX path building failed: sun.security.provider.certpath.SunCertPathBuilderException: unable to find valid certification path to requested target (PKIX path building failed: sun.security.provider.certpath.SunCertPathBuilderException: unable to find valid certification path to requested target) while downloading https://repo1.maven.org/maven2/org/scalatest/scalatest-mustmatchers_2.13/3.2.2/scalatest-mustmatchers_2.13-3.2.2-sources.jar
[error] https://repo1.maven.org/maven2/org/scalatest/scalatest-matchers-core_2.13/3.2.2/scalatest-matchers-core_2.13-3.2.2-javadoc.jar: download error: Caught javax.net.ssl.SSLHandshakeException: PKIX path building failed: sun.security.provider.certpath.SunCertPathBuilderException: unable to find valid certification path to requested target (PKIX path building failed: sun.security.provider.certpath.SunCertPathBuilderException: unable to find valid certification path to requested target) while downloading https://repo1.maven.org/maven2/org/scalatest/scalatest-matchers-core_2.13/3.2.2/scalatest-matchers-core_2.13-3.2.2-javadoc.jar
[error] https://repo1.maven.org/maven2/io/circe/circe-jawn_2.13/0.12.2/circe-jawn_2.13-0.12.2-sources.jar: download error: Caught javax.net.ssl.SSLHandshakeException: PKIX path building failed: sun.security.provider.certpath.SunCertPathBuilderException: unable to find valid certification path to requested target (PKIX path building failed: sun.security.provider.certpath.SunCertPathBuilderException: unable to find valid certification path to requested target) while downloading https://repo1.maven.org/maven2/io/circe/circe-jawn_2.13/0.12.2/circe-jawn_2.13-0.12.2-sources.jar
[error] https://repo1.maven.org/maven2/org/scalatest/scalatest-funspec_2.13/3.2.2/scalatest-funspec_2.13-3.2.2-sources.jar: download error: Caught javax.net.ssl.SSLHandshakeException: PKIX path building failed: sun.security.provider.certpath.SunCertPathBuilderException: unable to find valid certification path to requested target (PKIX path building failed: sun.security.provider.certpath.SunCertPathBuilderException: unable to find valid certification path to requested target) while downloading https://repo1.maven.org/maven2/org/scalatest/scalatest-funspec_2.13/3.2.2/scalatest-funspec_2.13-3.2.2-sources.jar
[error] https://repo1.maven.org/maven2/org/scalatest/scalatest-wordspec_2.13/3.2.2/scalatest-wordspec_2.13-3.2.2-sources.jar: download error: Caught javax.net.ssl.SSLHandshakeException: PKIX path building failed: sun.security.provider.certpath.SunCertPathBuilderException: unable to find valid certification path to requested target (PKIX path building failed: sun.security.provider.certpath.SunCertPathBuilderException: unable to find valid certification path to requested target) while downloading https://repo1.maven.org/maven2/org/scalatest/scalatest-wordspec_2.13/3.2.2/scalatest-wordspec_2.13-3.2.2-sources.jar
[error] https://repo1.maven.org/maven2/io/circe/circe-parser_2.13/0.12.2/circe-parser_2.13-0.12.2-sources.jar: download error: Caught javax.net.ssl.SSLHandshakeException: PKIX path building failed: sun.security.provider.certpath.SunCertPathBuilderException: unable to find valid certification path to requested target (PKIX path building failed: sun.security.provider.certpath.SunCertPathBuilderException: unable to find valid certification path to requested target) while downloading https://repo1.maven.org/maven2/io/circe/circe-parser_2.13/0.12.2/circe-parser_2.13-0.12.2-sources.jar
[error] https://repo1.maven.org/maven2/org/typelevel/cats-kernel_2.13/2.0.0/cats-kernel_2.13-2.0.0-javadoc.jar: download error: Caught javax.net.ssl.SSLHandshakeException: PKIX path building failed: sun.security.provider.certpath.SunCertPathBuilderException: unable to find valid certification path to requested target (PKIX path building failed: sun.security.provider.certpath.SunCertPathBuilderException: unable to find valid certification path to requested target) while downloading https://repo1.maven.org/maven2/org/typelevel/cats-kernel_2.13/2.0.0/cats-kernel_2.13-2.0.0-javadoc.jar
[error] https://repo1.maven.org/maven2/io/circe/circe-generic_2.13/0.12.2/circe-generic_2.13-0.12.2-javadoc.jar: download error: Caught javax.net.ssl.SSLHandshakeException: PKIX path building failed: sun.security.provider.certpath.SunCertPathBuilderException: unable to find valid certification path to requested target (PKIX path building failed: sun.security.provider.certpath.SunCertPathBuilderException: unable to find valid certification path to requested target) while downloading https://repo1.maven.org/maven2/io/circe/circe-generic_2.13/0.12.2/circe-generic_2.13-0.12.2-javadoc.jar
[error] https://repo1.maven.org/maven2/org/typelevel/cats-macros_2.13/2.0.0/cats-macros_2.13-2.0.0-javadoc.jar: download error: Caught javax.net.ssl.SSLHandshakeException: PKIX path building failed: sun.security.provider.certpath.SunCertPathBuilderException: unable to find valid certification path to requested target (PKIX path building failed: sun.security.provider.certpath.SunCertPathBuilderException: unable to find valid certification path to requested target) while downloading https://repo1.maven.org/maven2/org/typelevel/cats-macros_2.13/2.0.0/cats-macros_2.13-2.0.0-javadoc.jar
[error] https://repo1.maven.org/maven2/org/scalactic/scalactic_2.13/3.2.2/scalactic_2.13-3.2.2-sources.jar: download error: Caught javax.net.ssl.SSLHandshakeException: PKIX path building failed: sun.security.provider.certpath.SunCertPathBuilderException: unable to find valid certification path to requested target (PKIX path building failed: sun.security.provider.certpath.SunCertPathBuilderException: unable to find valid certification path to requested target) while downloading https://repo1.maven.org/maven2/org/scalactic/scalactic_2.13/3.2.2/scalactic_2.13-3.2.2-sources.jar
[error] https://repo1.maven.org/maven2/org/scalatest/scalatest-compatible/3.2.2/scalatest-compatible-3.2.2-javadoc.jar: download error: Caught javax.net.ssl.SSLHandshakeException: PKIX path building failed: sun.security.provider.certpath.SunCertPathBuilderException: unable to find valid certification path to requested target (PKIX path building failed: sun.security.provider.certpath.SunCertPathBuilderException: unable to find valid certification path to requested target) while downloading https://repo1.maven.org/maven2/org/scalatest/scalatest-compatible/3.2.2/scalatest-compatible-3.2.2-javadoc.jar
[error] https://repo1.maven.org/maven2/org/scalatest/scalatest-core_2.13/3.2.2/scalatest-core_2.13-3.2.2-sources.jar: download error: Caught javax.net.ssl.SSLHandshakeException: PKIX path building failed: sun.security.provider.certpath.SunCertPathBuilderException: unable to find valid certification path to requested target (PKIX path building failed: sun.security.provider.certpath.SunCertPathBuilderException: unable to find valid certification path to requested target) while downloading https://repo1.maven.org/maven2/org/scalatest/scalatest-core_2.13/3.2.2/scalatest-core_2.13-3.2.2-sources.jar
[error] https://repo1.maven.org/maven2/org/scalatest/scalatest-flatspec_2.13/3.2.2/scalatest-flatspec_2.13-3.2.2-javadoc.jar: download error: Caught javax.net.ssl.SSLHandshakeException: PKIX path building failed: sun.security.provider.certpath.SunCertPathBuilderException: unable to find valid certification path to requested target (PKIX path building failed: sun.security.provider.certpath.SunCertPathBuilderException: unable to find valid certification path to requested target) while downloading https://repo1.maven.org/maven2/org/scalatest/scalatest-flatspec_2.13/3.2.2/scalatest-flatspec_2.13-3.2.2-javadoc.jar
[error] https://repo1.maven.org/maven2/org/scalatest/scalatest-featurespec_2.13/3.2.2/scalatest-featurespec_2.13-3.2.2-sources.jar: download error: Caught javax.net.ssl.SSLHandshakeException: PKIX path building failed: sun.security.provider.certpath.SunCertPathBuilderException: unable to find valid certification path to requested target (PKIX path building failed: sun.security.provider.certpath.SunCertPathBuilderException: unable to find valid certification path to requested target) while downloading https://repo1.maven.org/maven2/org/scalatest/scalatest-featurespec_2.13/3.2.2/scalatest-featurespec_2.13-3.2.2-sources.jar
[error] https://repo1.maven.org/maven2/org/scala-lang/scala-compiler/2.13.4/scala-compiler-2.13.4-sources.jar: download error: Caught javax.net.ssl.SSLHandshakeException: PKIX path building failed: sun.security.provider.certpath.SunCertPathBuilderException: unable to find valid certification path to requested target (PKIX path building failed: sun.security.provider.certpath.SunCertPathBuilderException: unable to find valid certification path to requested target) while downloading https://repo1.maven.org/maven2/org/scala-lang/scala-compiler/2.13.4/scala-compiler-2.13.4-sources.jar
[error] https://repo1.maven.org/maven2/net/java/dev/jna/jna/5.3.1/jna-5.3.1-sources.jar: download error: Caught javax.net.ssl.SSLHandshakeException: PKIX path building failed: sun.security.provider.certpath.SunCertPathBuilderException: unable to find valid certification path to requested target (PKIX path building failed: sun.security.provider.certpath.SunCertPathBuilderException: unable to find valid certification path to requested target) while downloading https://repo1.maven.org/maven2/net/java/dev/jna/jna/5.3.1/jna-5.3.1-sources.jar
[error] https://repo1.maven.org/maven2/org/scalatest/scalatest_2.13/3.2.2/scalatest_2.13-3.2.2-javadoc.jar: download error: Caught javax.net.ssl.SSLHandshakeException: PKIX path building failed: sun.security.provider.certpath.SunCertPathBuilderException: unable to find valid certification path to requested target (PKIX path building failed: sun.security.provider.certpath.SunCertPathBuilderException: unable to find valid certification path to requested target) while downloading https://repo1.maven.org/maven2/org/scalatest/scalatest_2.13/3.2.2/scalatest_2.13-3.2.2-javadoc.jar
[error] https://repo1.maven.org/maven2/org/typelevel/cats-macros_2.13/2.0.0/cats-macros_2.13-2.0.0-sources.jar: download error: Caught javax.net.ssl.SSLHandshakeException: PKIX path building failed: sun.security.provider.certpath.SunCertPathBuilderException: unable to find valid certification path to requested target (PKIX path building failed: sun.security.provider.certpath.SunCertPathBuilderException: unable to find valid certification path to requested target) while downloading https://repo1.maven.org/maven2/org/typelevel/cats-macros_2.13/2.0.0/cats-macros_2.13-2.0.0-sources.jar
[error] https://repo1.maven.org/maven2/org/scalatest/scalatest-wordspec_2.13/3.2.2/scalatest-wordspec_2.13-3.2.2-javadoc.jar: download error: Caught javax.net.ssl.SSLHandshakeException: PKIX path building failed: sun.security.provider.certpath.SunCertPathBuilderException: unable to find valid certification path to requested target (PKIX path building failed: sun.security.provider.certpath.SunCertPathBuilderException: unable to find valid certification path to requested target) while downloading https://repo1.maven.org/maven2/org/scalatest/scalatest-wordspec_2.13/3.2.2/scalatest-wordspec_2.13-3.2.2-javadoc.jar
[error] https://repo1.maven.org/maven2/org/scalatest/scalatest-diagrams_2.13/3.2.2/scalatest-diagrams_2.13-3.2.2-javadoc.jar: download error: Caught javax.net.ssl.SSLHandshakeException: PKIX path building failed: sun.security.provider.certpath.SunCertPathBuilderException: unable to find valid certification path to requested target (PKIX path building failed: sun.security.provider.certpath.SunCertPathBuilderException: unable to find valid certification path to requested target) while downloading https://repo1.maven.org/maven2/org/scalatest/scalatest-diagrams_2.13/3.2.2/scalatest-diagrams_2.13-3.2.2-javadoc.jar
[error] https://repo1.maven.org/maven2/org/scalatest/scalatest-funsuite_2.13/3.2.2/scalatest-funsuite_2.13-3.2.2-javadoc.jar: download error: Caught javax.net.ssl.SSLHandshakeException: PKIX path building failed: sun.security.provider.certpath.SunCertPathBuilderException: unable to find valid certification path to requested target (PKIX path building failed: sun.security.provider.certpath.SunCertPathBuilderException: unable to find valid certification path to requested target) while downloading https://repo1.maven.org/maven2/org/scalatest/scalatest-funsuite_2.13/3.2.2/scalatest-funsuite_2.13-3.2.2-javadoc.jar
[error] https://repo1.maven.org/maven2/io/circe/circe-generic_2.13/0.12.2/circe-generic_2.13-0.12.2-sources.jar: download error: Caught javax.net.ssl.SSLHandshakeException: PKIX path building failed: sun.security.provider.certpath.SunCertPathBuilderException: unable to find valid certification path to requested target (PKIX path building failed: sun.security.provider.certpath.SunCertPathBuilderException: unable to find valid certification path to requested target) while downloading https://repo1.maven.org/maven2/io/circe/circe-generic_2.13/0.12.2/circe-generic_2.13-0.12.2-sources.jar
[error] https://repo1.maven.org/maven2/com/chuusai/shapeless_2.13/2.3.3/shapeless_2.13-2.3.3-sources.jar: download error: Caught javax.net.ssl.SSLHandshakeException: PKIX path building failed: sun.security.provider.certpath.SunCertPathBuilderException: unable to find valid certification path to requested target (PKIX path building failed: sun.security.provider.certpath.SunCertPathBuilderException: unable to find valid certification path to requested target) while downloading https://repo1.maven.org/maven2/com/chuusai/shapeless_2.13/2.3.3/shapeless_2.13-2.3.3-sources.jar
